/opt/anaconda3/envs/dc_p27/lib/python2.7/site-packages/PIL/TiffImagePlugin.py:802: UserWarning: Corrupt EXIF data.  Expecting to read 4 bytes but only got 0. 
  warnings.warn(str(msg))
/opt/anaconda3/envs/dc_p27/lib/python2.7/site-packages/PIL/TiffImagePlugin.py:802: UserWarning: Corrupt EXIF data.  Expecting to read 4 bytes but only got 0. 
  warnings.warn(str(msg))
/opt/anaconda3/envs/dc_p27/lib/python2.7/site-packages/PIL/TiffImagePlugin.py:802: UserWarning: Corrupt EXIF data.  Expecting to read 4 bytes but only got 0. 
  warnings.warn(str(msg))
/opt/anaconda3/envs/dc_p27/lib/python2.7/site-packages/sklearn/metrics/cluster/supervised.py:844: FutureWarning: The behavior of NMI will change in version 0.22. To match the behavior of 'v_measure_score', NMI will use average_method='arithmetic' by default.
  FutureWarning)
/opt/anaconda3/envs/dc_p27/lib/python2.7/site-packages/PIL/TiffImagePlugin.py:802: UserWarning: Corrupt EXIF data.  Expecting to read 4 bytes but only got 0. 
  warnings.warn(str(msg))
/opt/anaconda3/envs/dc_p27/lib/python2.7/site-packages/PIL/TiffImagePlugin.py:802: UserWarning: Corrupt EXIF data.  Expecting to read 4 bytes but only got 0. 
  warnings.warn(str(msg))
/opt/anaconda3/envs/dc_p27/lib/python2.7/site-packages/PIL/TiffImagePlugin.py:802: UserWarning: Corrupt EXIF data.  Expecting to read 4 bytes but only got 0. 
  warnings.warn(str(msg))
/opt/anaconda3/envs/dc_p27/lib/python2.7/site-packages/PIL/TiffImagePlugin.py:802: UserWarning: Corrupt EXIF data.  Expecting to read 4 bytes but only got 0. 
  warnings.warn(str(msg))
/opt/anaconda3/envs/dc_p27/lib/python2.7/site-packages/PIL/TiffImagePlugin.py:802: UserWarning: Corrupt EXIF data.  Expecting to read 4 bytes but only got 0. 
  warnings.warn(str(msg))
/opt/anaconda3/envs/dc_p27/lib/python2.7/site-packages/PIL/TiffImagePlugin.py:802: UserWarning: Corrupt EXIF data.  Expecting to read 4 bytes but only got 0. 
  warnings.warn(str(msg))
/opt/anaconda3/envs/dc_p27/lib/python2.7/site-packages/PIL/TiffImagePlugin.py:802: UserWarning: Corrupt EXIF data.  Expecting to read 4 bytes but only got 0. 
  warnings.warn(str(msg))
/opt/anaconda3/envs/dc_p27/lib/python2.7/site-packages/PIL/TiffImagePlugin.py:802: UserWarning: Corrupt EXIF data.  Expecting to read 4 bytes but only got 0. 
  warnings.warn(str(msg))
/opt/anaconda3/envs/dc_p27/lib/python2.7/site-packages/PIL/TiffImagePlugin.py:802: UserWarning: Corrupt EXIF data.  Expecting to read 4 bytes but only got 0. 
  warnings.warn(str(msg))
/opt/anaconda3/envs/dc_p27/lib/python2.7/site-packages/PIL/TiffImagePlugin.py:802: UserWarning: Corrupt EXIF data.  Expecting to read 4 bytes but only got 0. 
  warnings.warn(str(msg))
/opt/anaconda3/envs/dc_p27/lib/python2.7/site-packages/PIL/TiffImagePlugin.py:802: UserWarning: Corrupt EXIF data.  Expecting to read 4 bytes but only got 0. 
  warnings.warn(str(msg))
/opt/anaconda3/envs/dc_p27/lib/python2.7/site-packages/PIL/TiffImagePlugin.py:802: UserWarning: Corrupt EXIF data.  Expecting to read 4 bytes but only got 0. 
  warnings.warn(str(msg))
/opt/anaconda3/envs/dc_p27/lib/python2.7/site-packages/PIL/TiffImagePlugin.py:802: UserWarning: Corrupt EXIF data.  Expecting to read 4 bytes but only got 0. 
  warnings.warn(str(msg))
/opt/anaconda3/envs/dc_p27/lib/python2.7/site-packages/PIL/TiffImagePlugin.py:802: UserWarning: Corrupt EXIF data.  Expecting to read 4 bytes but only got 0. 
  warnings.warn(str(msg))
/opt/anaconda3/envs/dc_p27/lib/python2.7/site-packages/PIL/TiffImagePlugin.py:802: UserWarning: Corrupt EXIF data.  Expecting to read 4 bytes but only got 0. 
  warnings.warn(str(msg))
/opt/anaconda3/envs/dc_p27/lib/python2.7/site-packages/PIL/TiffImagePlugin.py:802: UserWarning: Corrupt EXIF data.  Expecting to read 4 bytes but only got 0. 
  warnings.warn(str(msg))
/opt/anaconda3/envs/dc_p27/lib/python2.7/site-packages/PIL/TiffImagePlugin.py:802: UserWarning: Corrupt EXIF data.  Expecting to read 4 bytes but only got 0. 
  warnings.warn(str(msg))
/opt/anaconda3/envs/dc_p27/lib/python2.7/site-packages/PIL/TiffImagePlugin.py:802: UserWarning: Corrupt EXIF data.  Expecting to read 4 bytes but only got 0. 
  warnings.warn(str(msg))
/opt/anaconda3/envs/dc_p27/lib/python2.7/site-packages/PIL/TiffImagePlugin.py:802: UserWarning: Corrupt EXIF data.  Expecting to read 4 bytes but only got 0. 
  warnings.warn(str(msg))
/opt/anaconda3/envs/dc_p27/lib/python2.7/site-packages/PIL/TiffImagePlugin.py:802: UserWarning: Corrupt EXIF data.  Expecting to read 4 bytes but only got 0. 
  warnings.warn(str(msg))
/opt/anaconda3/envs/dc_p27/lib/python2.7/site-packages/PIL/TiffImagePlugin.py:802: UserWarning: Corrupt EXIF data.  Expecting to read 4 bytes but only got 0. 
  warnings.warn(str(msg))
/opt/anaconda3/envs/dc_p27/lib/python2.7/site-packages/PIL/TiffImagePlugin.py:802: UserWarning: Corrupt EXIF data.  Expecting to read 4 bytes but only got 0. 
  warnings.warn(str(msg))
/opt/anaconda3/envs/dc_p27/lib/python2.7/site-packages/PIL/TiffImagePlugin.py:802: UserWarning: Corrupt EXIF data.  Expecting to read 4 bytes but only got 0. 
  warnings.warn(str(msg))
/opt/anaconda3/envs/dc_p27/lib/python2.7/site-packages/PIL/TiffImagePlugin.py:802: UserWarning: Corrupt EXIF data.  Expecting to read 4 bytes but only got 0. 
  warnings.warn(str(msg))
/opt/anaconda3/envs/dc_p27/lib/python2.7/site-packages/PIL/TiffImagePlugin.py:802: UserWarning: Corrupt EXIF data.  Expecting to read 4 bytes but only got 0. 
  warnings.warn(str(msg))
/opt/anaconda3/envs/dc_p27/lib/python2.7/site-packages/PIL/TiffImagePlugin.py:802: UserWarning: Corrupt EXIF data.  Expecting to read 4 bytes but only got 0. 
  warnings.warn(str(msg))
/opt/anaconda3/envs/dc_p27/lib/python2.7/site-packages/PIL/TiffImagePlugin.py:802: UserWarning: Corrupt EXIF data.  Expecting to read 4 bytes but only got 0. 
  warnings.warn(str(msg))
/opt/anaconda3/envs/dc_p27/lib/python2.7/site-packages/PIL/TiffImagePlugin.py:802: UserWarning: Corrupt EXIF data.  Expecting to read 4 bytes but only got 0. 
  warnings.warn(str(msg))
/opt/anaconda3/envs/dc_p27/lib/python2.7/site-packages/PIL/TiffImagePlugin.py:802: UserWarning: Corrupt EXIF data.  Expecting to read 4 bytes but only got 0. 
  warnings.warn(str(msg))
/opt/anaconda3/envs/dc_p27/lib/python2.7/site-packages/PIL/TiffImagePlugin.py:802: UserWarning: Corrupt EXIF data.  Expecting to read 4 bytes but only got 0. 
  warnings.warn(str(msg))
/opt/anaconda3/envs/dc_p27/lib/python2.7/site-packages/PIL/TiffImagePlugin.py:802: UserWarning: Corrupt EXIF data.  Expecting to read 4 bytes but only got 0. 
  warnings.warn(str(msg))
/opt/anaconda3/envs/dc_p27/lib/python2.7/site-packages/PIL/TiffImagePlugin.py:802: UserWarning: Corrupt EXIF data.  Expecting to read 4 bytes but only got 0. 
  warnings.warn(str(msg))
/opt/anaconda3/envs/dc_p27/lib/python2.7/site-packages/PIL/TiffImagePlugin.py:802: UserWarning: Corrupt EXIF data.  Expecting to read 4 bytes but only got 0. 
  warnings.warn(str(msg))
/opt/anaconda3/envs/dc_p27/lib/python2.7/site-packages/PIL/TiffImagePlugin.py:802: UserWarning: Corrupt EXIF data.  Expecting to read 4 bytes but only got 0. 
  warnings.warn(str(msg))
/opt/anaconda3/envs/dc_p27/lib/python2.7/site-packages/PIL/TiffImagePlugin.py:802: UserWarning: Corrupt EXIF data.  Expecting to read 4 bytes but only got 0. 
  warnings.warn(str(msg))
/opt/anaconda3/envs/dc_p27/lib/python2.7/site-packages/PIL/TiffImagePlugin.py:802: UserWarning: Corrupt EXIF data.  Expecting to read 4 bytes but only got 0. 
  warnings.warn(str(msg))
/opt/anaconda3/envs/dc_p27/lib/python2.7/site-packages/PIL/TiffImagePlugin.py:802: UserWarning: Corrupt EXIF data.  Expecting to read 4 bytes but only got 0. 
  warnings.warn(str(msg))
/opt/anaconda3/envs/dc_p27/lib/python2.7/site-packages/PIL/TiffImagePlugin.py:802: UserWarning: Corrupt EXIF data.  Expecting to read 4 bytes but only got 0. 
  warnings.warn(str(msg))
/opt/anaconda3/envs/dc_p27/lib/python2.7/site-packages/PIL/TiffImagePlugin.py:802: UserWarning: Corrupt EXIF data.  Expecting to read 4 bytes but only got 0. 
  warnings.warn(str(msg))
/opt/anaconda3/envs/dc_p27/lib/python2.7/site-packages/PIL/TiffImagePlugin.py:802: UserWarning: Corrupt EXIF data.  Expecting to read 4 bytes but only got 0. 
  warnings.warn(str(msg))
/opt/anaconda3/envs/dc_p27/lib/python2.7/site-packages/PIL/TiffImagePlugin.py:802: UserWarning: Corrupt EXIF data.  Expecting to read 4 bytes but only got 0. 
  warnings.warn(str(msg))
/opt/anaconda3/envs/dc_p27/lib/python2.7/site-packages/PIL/TiffImagePlugin.py:802: UserWarning: Corrupt EXIF data.  Expecting to read 4 bytes but only got 0. 
  warnings.warn(str(msg))
/opt/anaconda3/envs/dc_p27/lib/python2.7/site-packages/PIL/TiffImagePlugin.py:802: UserWarning: Corrupt EXIF data.  Expecting to read 4 bytes but only got 0. 
  warnings.warn(str(msg))
/opt/anaconda3/envs/dc_p27/lib/python2.7/site-packages/PIL/TiffImagePlugin.py:802: UserWarning: Corrupt EXIF data.  Expecting to read 4 bytes but only got 0. 
  warnings.warn(str(msg))
/opt/anaconda3/envs/dc_p27/lib/python2.7/site-packages/PIL/TiffImagePlugin.py:802: UserWarning: Corrupt EXIF data.  Expecting to read 4 bytes but only got 0. 
  warnings.warn(str(msg))
/opt/anaconda3/envs/dc_p27/lib/python2.7/site-packages/PIL/TiffImagePlugin.py:802: UserWarning: Corrupt EXIF data.  Expecting to read 4 bytes but only got 0. 
  warnings.warn(str(msg))
/opt/anaconda3/envs/dc_p27/lib/python2.7/site-packages/PIL/TiffImagePlugin.py:802: UserWarning: Corrupt EXIF data.  Expecting to read 4 bytes but only got 0. 
  warnings.warn(str(msg))
/opt/anaconda3/envs/dc_p27/lib/python2.7/site-packages/PIL/TiffImagePlugin.py:802: UserWarning: Corrupt EXIF data.  Expecting to read 4 bytes but only got 0. 
  warnings.warn(str(msg))
/opt/anaconda3/envs/dc_p27/lib/python2.7/site-packages/PIL/TiffImagePlugin.py:802: UserWarning: Corrupt EXIF data.  Expecting to read 4 bytes but only got 0. 
  warnings.warn(str(msg))
/opt/anaconda3/envs/dc_p27/lib/python2.7/site-packages/PIL/TiffImagePlugin.py:802: UserWarning: Corrupt EXIF data.  Expecting to read 4 bytes but only got 0. 
  warnings.warn(str(msg))
/opt/anaconda3/envs/dc_p27/lib/python2.7/site-packages/PIL/TiffImagePlugin.py:802: UserWarning: Corrupt EXIF data.  Expecting to read 4 bytes but only got 0. 
  warnings.warn(str(msg))
/opt/anaconda3/envs/dc_p27/lib/python2.7/site-packages/PIL/TiffImagePlugin.py:802: UserWarning: Corrupt EXIF data.  Expecting to read 4 bytes but only got 0. 
  warnings.warn(str(msg))
/opt/anaconda3/envs/dc_p27/lib/python2.7/site-packages/PIL/TiffImagePlugin.py:802: UserWarning: Corrupt EXIF data.  Expecting to read 4 bytes but only got 0. 
  warnings.warn(str(msg))
/opt/anaconda3/envs/dc_p27/lib/python2.7/site-packages/PIL/TiffImagePlugin.py:802: UserWarning: Corrupt EXIF data.  Expecting to read 4 bytes but only got 0. 
  warnings.warn(str(msg))
/opt/anaconda3/envs/dc_p27/lib/python2.7/site-packages/PIL/TiffImagePlugin.py:802: UserWarning: Corrupt EXIF data.  Expecting to read 4 bytes but only got 0. 
  warnings.warn(str(msg))
/opt/anaconda3/envs/dc_p27/lib/python2.7/site-packages/PIL/TiffImagePlugin.py:802: UserWarning: Corrupt EXIF data.  Expecting to read 4 bytes but only got 0. 
  warnings.warn(str(msg))
/opt/anaconda3/envs/dc_p27/lib/python2.7/site-packages/PIL/TiffImagePlugin.py:802: UserWarning: Corrupt EXIF data.  Expecting to read 4 bytes but only got 0. 
  warnings.warn(str(msg))
/opt/anaconda3/envs/dc_p27/lib/python2.7/site-packages/PIL/TiffImagePlugin.py:802: UserWarning: Corrupt EXIF data.  Expecting to read 4 bytes but only got 0. 
  warnings.warn(str(msg))
/opt/anaconda3/envs/dc_p27/lib/python2.7/site-packages/PIL/TiffImagePlugin.py:802: UserWarning: Corrupt EXIF data.  Expecting to read 4 bytes but only got 0. 
  warnings.warn(str(msg))
/opt/anaconda3/envs/dc_p27/lib/python2.7/site-packages/PIL/TiffImagePlugin.py:802: UserWarning: Corrupt EXIF data.  Expecting to read 4 bytes but only got 0. 
  warnings.warn(str(msg))
/opt/anaconda3/envs/dc_p27/lib/python2.7/site-packages/PIL/TiffImagePlugin.py:802: UserWarning: Corrupt EXIF data.  Expecting to read 4 bytes but only got 0. 
  warnings.warn(str(msg))
/opt/anaconda3/envs/dc_p27/lib/python2.7/site-packages/PIL/TiffImagePlugin.py:802: UserWarning: Corrupt EXIF data.  Expecting to read 4 bytes but only got 0. 
  warnings.warn(str(msg))
/opt/anaconda3/envs/dc_p27/lib/python2.7/site-packages/PIL/TiffImagePlugin.py:802: UserWarning: Corrupt EXIF data.  Expecting to read 4 bytes but only got 0. 
  warnings.warn(str(msg))
/opt/anaconda3/envs/dc_p27/lib/python2.7/site-packages/PIL/TiffImagePlugin.py:802: UserWarning: Corrupt EXIF data.  Expecting to read 4 bytes but only got 0. 
  warnings.warn(str(msg))
/var/spool/slurm/d/job00067/slurm_script: line 24:  9659 Killed                  ${PYTHON} main.py ${DIR} --exp ${EXP} --arch ${ARCH} --lr ${LR} --wd ${WD} --k ${K} --sobel --verbose --workers ${WORKERS} --checkpoints ${CHECKPOINTS} --resume ${RESUME}
