/opt/anaconda3/envs/dc_p27/lib/python2.7/site-packages/PIL/TiffImagePlugin.py:802: UserWarning: Corrupt EXIF data.  Expecting to read 4 bytes but only got 0. 
  warnings.warn(str(msg))
/opt/anaconda3/envs/dc_p27/lib/python2.7/site-packages/PIL/TiffImagePlugin.py:802: UserWarning: Corrupt EXIF data.  Expecting to read 4 bytes but only got 0. 
  warnings.warn(str(msg))
/opt/anaconda3/envs/dc_p27/lib/python2.7/site-packages/PIL/TiffImagePlugin.py:802: UserWarning: Corrupt EXIF data.  Expecting to read 4 bytes but only got 0. 
  warnings.warn(str(msg))
/opt/anaconda3/envs/dc_p27/lib/python2.7/site-packages/sklearn/metrics/cluster/supervised.py:844: FutureWarning: The behavior of NMI will change in version 0.22. To match the behavior of 'v_measure_score', NMI will use average_method='arithmetic' by default.
  FutureWarning)
/opt/anaconda3/envs/dc_p27/lib/python2.7/site-packages/PIL/TiffImagePlugin.py:802: UserWarning: Corrupt EXIF data.  Expecting to read 4 bytes but only got 0. 
  warnings.warn(str(msg))
/opt/anaconda3/envs/dc_p27/lib/python2.7/site-packages/PIL/TiffImagePlugin.py:802: UserWarning: Corrupt EXIF data.  Expecting to read 4 bytes but only got 0. 
  warnings.warn(str(msg))
/opt/anaconda3/envs/dc_p27/lib/python2.7/site-packages/PIL/TiffImagePlugin.py:802: UserWarning: Corrupt EXIF data.  Expecting to read 4 bytes but only got 0. 
  warnings.warn(str(msg))
/opt/anaconda3/envs/dc_p27/lib/python2.7/site-packages/PIL/TiffImagePlugin.py:802: UserWarning: Corrupt EXIF data.  Expecting to read 4 bytes but only got 0. 
  warnings.warn(str(msg))
/opt/anaconda3/envs/dc_p27/lib/python2.7/site-packages/PIL/TiffImagePlugin.py:802: UserWarning: Corrupt EXIF data.  Expecting to read 4 bytes but only got 0. 
  warnings.warn(str(msg))
/opt/anaconda3/envs/dc_p27/lib/python2.7/site-packages/PIL/TiffImagePlugin.py:802: UserWarning: Corrupt EXIF data.  Expecting to read 4 bytes but only got 0. 
  warnings.warn(str(msg))
/opt/anaconda3/envs/dc_p27/lib/python2.7/site-packages/PIL/TiffImagePlugin.py:802: UserWarning: Corrupt EXIF data.  Expecting to read 4 bytes but only got 0. 
  warnings.warn(str(msg))
/opt/anaconda3/envs/dc_p27/lib/python2.7/site-packages/PIL/TiffImagePlugin.py:802: UserWarning: Corrupt EXIF data.  Expecting to read 4 bytes but only got 0. 
  warnings.warn(str(msg))
/opt/anaconda3/envs/dc_p27/lib/python2.7/site-packages/PIL/TiffImagePlugin.py:802: UserWarning: Corrupt EXIF data.  Expecting to read 4 bytes but only got 0. 
  warnings.warn(str(msg))
/opt/anaconda3/envs/dc_p27/lib/python2.7/site-packages/PIL/TiffImagePlugin.py:802: UserWarning: Corrupt EXIF data.  Expecting to read 4 bytes but only got 0. 
  warnings.warn(str(msg))
/opt/anaconda3/envs/dc_p27/lib/python2.7/site-packages/PIL/TiffImagePlugin.py:802: UserWarning: Corrupt EXIF data.  Expecting to read 4 bytes but only got 0. 
  warnings.warn(str(msg))
/opt/anaconda3/envs/dc_p27/lib/python2.7/site-packages/PIL/TiffImagePlugin.py:802: UserWarning: Corrupt EXIF data.  Expecting to read 4 bytes but only got 0. 
  warnings.warn(str(msg))
/opt/anaconda3/envs/dc_p27/lib/python2.7/site-packages/PIL/TiffImagePlugin.py:802: UserWarning: Corrupt EXIF data.  Expecting to read 4 bytes but only got 0. 
  warnings.warn(str(msg))
/opt/anaconda3/envs/dc_p27/lib/python2.7/site-packages/PIL/TiffImagePlugin.py:802: UserWarning: Corrupt EXIF data.  Expecting to read 4 bytes but only got 0. 
  warnings.warn(str(msg))
/opt/anaconda3/envs/dc_p27/lib/python2.7/site-packages/PIL/TiffImagePlugin.py:802: UserWarning: Corrupt EXIF data.  Expecting to read 4 bytes but only got 0. 
  warnings.warn(str(msg))
/opt/anaconda3/envs/dc_p27/lib/python2.7/site-packages/PIL/TiffImagePlugin.py:802: UserWarning: Corrupt EXIF data.  Expecting to read 4 bytes but only got 0. 
  warnings.warn(str(msg))
/opt/anaconda3/envs/dc_p27/lib/python2.7/site-packages/PIL/TiffImagePlugin.py:802: UserWarning: Corrupt EXIF data.  Expecting to read 4 bytes but only got 0. 
  warnings.warn(str(msg))
/opt/anaconda3/envs/dc_p27/lib/python2.7/site-packages/PIL/TiffImagePlugin.py:802: UserWarning: Corrupt EXIF data.  Expecting to read 4 bytes but only got 0. 
  warnings.warn(str(msg))
/opt/anaconda3/envs/dc_p27/lib/python2.7/site-packages/PIL/TiffImagePlugin.py:802: UserWarning: Corrupt EXIF data.  Expecting to read 4 bytes but only got 0. 
  warnings.warn(str(msg))
/opt/anaconda3/envs/dc_p27/lib/python2.7/site-packages/PIL/TiffImagePlugin.py:802: UserWarning: Corrupt EXIF data.  Expecting to read 4 bytes but only got 0. 
  warnings.warn(str(msg))
/opt/anaconda3/envs/dc_p27/lib/python2.7/site-packages/PIL/TiffImagePlugin.py:802: UserWarning: Corrupt EXIF data.  Expecting to read 4 bytes but only got 0. 
  warnings.warn(str(msg))
/opt/anaconda3/envs/dc_p27/lib/python2.7/site-packages/PIL/TiffImagePlugin.py:802: UserWarning: Corrupt EXIF data.  Expecting to read 4 bytes but only got 0. 
  warnings.warn(str(msg))
/opt/anaconda3/envs/dc_p27/lib/python2.7/site-packages/PIL/TiffImagePlugin.py:802: UserWarning: Corrupt EXIF data.  Expecting to read 4 bytes but only got 0. 
  warnings.warn(str(msg))
/opt/anaconda3/envs/dc_p27/lib/python2.7/site-packages/PIL/TiffImagePlugin.py:802: UserWarning: Corrupt EXIF data.  Expecting to read 4 bytes but only got 0. 
  warnings.warn(str(msg))
/opt/anaconda3/envs/dc_p27/lib/python2.7/site-packages/PIL/TiffImagePlugin.py:802: UserWarning: Corrupt EXIF data.  Expecting to read 4 bytes but only got 0. 
  warnings.warn(str(msg))
/opt/anaconda3/envs/dc_p27/lib/python2.7/site-packages/PIL/TiffImagePlugin.py:802: UserWarning: Corrupt EXIF data.  Expecting to read 4 bytes but only got 0. 
  warnings.warn(str(msg))
/opt/anaconda3/envs/dc_p27/lib/python2.7/site-packages/PIL/TiffImagePlugin.py:802: UserWarning: Corrupt EXIF data.  Expecting to read 4 bytes but only got 0. 
  warnings.warn(str(msg))
/opt/anaconda3/envs/dc_p27/lib/python2.7/site-packages/PIL/TiffImagePlugin.py:802: UserWarning: Corrupt EXIF data.  Expecting to read 4 bytes but only got 0. 
  warnings.warn(str(msg))
/opt/anaconda3/envs/dc_p27/lib/python2.7/site-packages/PIL/TiffImagePlugin.py:802: UserWarning: Corrupt EXIF data.  Expecting to read 4 bytes but only got 0. 
  warnings.warn(str(msg))
/opt/anaconda3/envs/dc_p27/lib/python2.7/site-packages/PIL/TiffImagePlugin.py:802: UserWarning: Corrupt EXIF data.  Expecting to read 4 bytes but only got 0. 
  warnings.warn(str(msg))
/opt/anaconda3/envs/dc_p27/lib/python2.7/site-packages/PIL/TiffImagePlugin.py:802: UserWarning: Corrupt EXIF data.  Expecting to read 4 bytes but only got 0. 
  warnings.warn(str(msg))
/opt/anaconda3/envs/dc_p27/lib/python2.7/site-packages/PIL/TiffImagePlugin.py:802: UserWarning: Corrupt EXIF data.  Expecting to read 4 bytes but only got 0. 
  warnings.warn(str(msg))
/opt/anaconda3/envs/dc_p27/lib/python2.7/site-packages/PIL/TiffImagePlugin.py:802: UserWarning: Corrupt EXIF data.  Expecting to read 4 bytes but only got 0. 
  warnings.warn(str(msg))
/opt/anaconda3/envs/dc_p27/lib/python2.7/site-packages/PIL/TiffImagePlugin.py:802: UserWarning: Corrupt EXIF data.  Expecting to read 4 bytes but only got 0. 
  warnings.warn(str(msg))
/opt/anaconda3/envs/dc_p27/lib/python2.7/site-packages/PIL/TiffImagePlugin.py:802: UserWarning: Corrupt EXIF data.  Expecting to read 4 bytes but only got 0. 
  warnings.warn(str(msg))
/opt/anaconda3/envs/dc_p27/lib/python2.7/site-packages/PIL/TiffImagePlugin.py:802: UserWarning: Corrupt EXIF data.  Expecting to read 4 bytes but only got 0. 
  warnings.warn(str(msg))
/opt/anaconda3/envs/dc_p27/lib/python2.7/site-packages/PIL/TiffImagePlugin.py:802: UserWarning: Corrupt EXIF data.  Expecting to read 4 bytes but only got 0. 
  warnings.warn(str(msg))
/opt/anaconda3/envs/dc_p27/lib/python2.7/site-packages/PIL/TiffImagePlugin.py:802: UserWarning: Corrupt EXIF data.  Expecting to read 4 bytes but only got 0. 
  warnings.warn(str(msg))
/opt/anaconda3/envs/dc_p27/lib/python2.7/site-packages/PIL/TiffImagePlugin.py:802: UserWarning: Corrupt EXIF data.  Expecting to read 4 bytes but only got 0. 
  warnings.warn(str(msg))
/opt/anaconda3/envs/dc_p27/lib/python2.7/site-packages/PIL/TiffImagePlugin.py:802: UserWarning: Corrupt EXIF data.  Expecting to read 4 bytes but only got 0. 
  warnings.warn(str(msg))
/opt/anaconda3/envs/dc_p27/lib/python2.7/site-packages/PIL/TiffImagePlugin.py:802: UserWarning: Corrupt EXIF data.  Expecting to read 4 bytes but only got 0. 
  warnings.warn(str(msg))
/opt/anaconda3/envs/dc_p27/lib/python2.7/site-packages/PIL/TiffImagePlugin.py:802: UserWarning: Corrupt EXIF data.  Expecting to read 4 bytes but only got 0. 
  warnings.warn(str(msg))
/opt/anaconda3/envs/dc_p27/lib/python2.7/site-packages/PIL/TiffImagePlugin.py:802: UserWarning: Corrupt EXIF data.  Expecting to read 4 bytes but only got 0. 
  warnings.warn(str(msg))
/opt/anaconda3/envs/dc_p27/lib/python2.7/site-packages/PIL/TiffImagePlugin.py:802: UserWarning: Corrupt EXIF data.  Expecting to read 4 bytes but only got 0. 
  warnings.warn(str(msg))
/opt/anaconda3/envs/dc_p27/lib/python2.7/site-packages/PIL/TiffImagePlugin.py:802: UserWarning: Corrupt EXIF data.  Expecting to read 4 bytes but only got 0. 
  warnings.warn(str(msg))
/opt/anaconda3/envs/dc_p27/lib/python2.7/site-packages/PIL/TiffImagePlugin.py:802: UserWarning: Corrupt EXIF data.  Expecting to read 4 bytes but only got 0. 
  warnings.warn(str(msg))
/opt/anaconda3/envs/dc_p27/lib/python2.7/site-packages/PIL/TiffImagePlugin.py:802: UserWarning: Corrupt EXIF data.  Expecting to read 4 bytes but only got 0. 
  warnings.warn(str(msg))
/opt/anaconda3/envs/dc_p27/lib/python2.7/site-packages/PIL/TiffImagePlugin.py:802: UserWarning: Corrupt EXIF data.  Expecting to read 4 bytes but only got 0. 
  warnings.warn(str(msg))
/opt/anaconda3/envs/dc_p27/lib/python2.7/site-packages/PIL/TiffImagePlugin.py:802: UserWarning: Corrupt EXIF data.  Expecting to read 4 bytes but only got 0. 
  warnings.warn(str(msg))
/opt/anaconda3/envs/dc_p27/lib/python2.7/site-packages/PIL/TiffImagePlugin.py:802: UserWarning: Corrupt EXIF data.  Expecting to read 4 bytes but only got 0. 
  warnings.warn(str(msg))
/opt/anaconda3/envs/dc_p27/lib/python2.7/site-packages/PIL/TiffImagePlugin.py:802: UserWarning: Corrupt EXIF data.  Expecting to read 4 bytes but only got 0. 
  warnings.warn(str(msg))
/opt/anaconda3/envs/dc_p27/lib/python2.7/site-packages/PIL/TiffImagePlugin.py:802: UserWarning: Corrupt EXIF data.  Expecting to read 4 bytes but only got 0. 
  warnings.warn(str(msg))
/opt/anaconda3/envs/dc_p27/lib/python2.7/site-packages/PIL/TiffImagePlugin.py:802: UserWarning: Corrupt EXIF data.  Expecting to read 4 bytes but only got 0. 
  warnings.warn(str(msg))
/opt/anaconda3/envs/dc_p27/lib/python2.7/site-packages/PIL/TiffImagePlugin.py:802: UserWarning: Corrupt EXIF data.  Expecting to read 4 bytes but only got 0. 
  warnings.warn(str(msg))
/opt/anaconda3/envs/dc_p27/lib/python2.7/site-packages/PIL/TiffImagePlugin.py:802: UserWarning: Corrupt EXIF data.  Expecting to read 4 bytes but only got 0. 
  warnings.warn(str(msg))
/opt/anaconda3/envs/dc_p27/lib/python2.7/site-packages/PIL/TiffImagePlugin.py:802: UserWarning: Corrupt EXIF data.  Expecting to read 4 bytes but only got 0. 
  warnings.warn(str(msg))
/opt/anaconda3/envs/dc_p27/lib/python2.7/site-packages/PIL/TiffImagePlugin.py:802: UserWarning: Corrupt EXIF data.  Expecting to read 4 bytes but only got 0. 
  warnings.warn(str(msg))
/opt/anaconda3/envs/dc_p27/lib/python2.7/site-packages/PIL/TiffImagePlugin.py:802: UserWarning: Corrupt EXIF data.  Expecting to read 4 bytes but only got 0. 
  warnings.warn(str(msg))
/opt/anaconda3/envs/dc_p27/lib/python2.7/site-packages/PIL/TiffImagePlugin.py:802: UserWarning: Corrupt EXIF data.  Expecting to read 4 bytes but only got 0. 
  warnings.warn(str(msg))
/opt/anaconda3/envs/dc_p27/lib/python2.7/site-packages/PIL/TiffImagePlugin.py:802: UserWarning: Corrupt EXIF data.  Expecting to read 4 bytes but only got 0. 
  warnings.warn(str(msg))
/opt/anaconda3/envs/dc_p27/lib/python2.7/site-packages/PIL/TiffImagePlugin.py:802: UserWarning: Corrupt EXIF data.  Expecting to read 4 bytes but only got 0. 
  warnings.warn(str(msg))
/opt/anaconda3/envs/dc_p27/lib/python2.7/site-packages/PIL/TiffImagePlugin.py:802: UserWarning: Corrupt EXIF data.  Expecting to read 4 bytes but only got 0. 
  warnings.warn(str(msg))
/opt/anaconda3/envs/dc_p27/lib/python2.7/site-packages/PIL/TiffImagePlugin.py:802: UserWarning: Corrupt EXIF data.  Expecting to read 4 bytes but only got 0. 
  warnings.warn(str(msg))
/opt/anaconda3/envs/dc_p27/lib/python2.7/site-packages/PIL/TiffImagePlugin.py:802: UserWarning: Corrupt EXIF data.  Expecting to read 4 bytes but only got 0. 
  warnings.warn(str(msg))
/opt/anaconda3/envs/dc_p27/lib/python2.7/site-packages/PIL/TiffImagePlugin.py:802: UserWarning: Corrupt EXIF data.  Expecting to read 4 bytes but only got 0. 
  warnings.warn(str(msg))
/opt/anaconda3/envs/dc_p27/lib/python2.7/site-packages/PIL/TiffImagePlugin.py:802: UserWarning: Corrupt EXIF data.  Expecting to read 4 bytes but only got 0. 
  warnings.warn(str(msg))
/opt/anaconda3/envs/dc_p27/lib/python2.7/site-packages/PIL/TiffImagePlugin.py:802: UserWarning: Corrupt EXIF data.  Expecting to read 4 bytes but only got 0. 
  warnings.warn(str(msg))
/opt/anaconda3/envs/dc_p27/lib/python2.7/site-packages/PIL/TiffImagePlugin.py:802: UserWarning: Corrupt EXIF data.  Expecting to read 4 bytes but only got 0. 
  warnings.warn(str(msg))
/opt/anaconda3/envs/dc_p27/lib/python2.7/site-packages/PIL/TiffImagePlugin.py:802: UserWarning: Corrupt EXIF data.  Expecting to read 4 bytes but only got 0. 
  warnings.warn(str(msg))
/opt/anaconda3/envs/dc_p27/lib/python2.7/site-packages/PIL/TiffImagePlugin.py:802: UserWarning: Corrupt EXIF data.  Expecting to read 4 bytes but only got 0. 
  warnings.warn(str(msg))
/opt/anaconda3/envs/dc_p27/lib/python2.7/site-packages/PIL/TiffImagePlugin.py:802: UserWarning: Corrupt EXIF data.  Expecting to read 4 bytes but only got 0. 
  warnings.warn(str(msg))
/opt/anaconda3/envs/dc_p27/lib/python2.7/site-packages/PIL/TiffImagePlugin.py:802: UserWarning: Corrupt EXIF data.  Expecting to read 4 bytes but only got 0. 
  warnings.warn(str(msg))
/opt/anaconda3/envs/dc_p27/lib/python2.7/site-packages/PIL/TiffImagePlugin.py:802: UserWarning: Corrupt EXIF data.  Expecting to read 4 bytes but only got 0. 
  warnings.warn(str(msg))
/opt/anaconda3/envs/dc_p27/lib/python2.7/site-packages/PIL/TiffImagePlugin.py:802: UserWarning: Corrupt EXIF data.  Expecting to read 4 bytes but only got 0. 
  warnings.warn(str(msg))
/opt/anaconda3/envs/dc_p27/lib/python2.7/site-packages/PIL/TiffImagePlugin.py:802: UserWarning: Corrupt EXIF data.  Expecting to read 4 bytes but only got 0. 
  warnings.warn(str(msg))
/opt/anaconda3/envs/dc_p27/lib/python2.7/site-packages/PIL/TiffImagePlugin.py:802: UserWarning: Corrupt EXIF data.  Expecting to read 4 bytes but only got 0. 
  warnings.warn(str(msg))
slurmstepd: error: *** JOB 48 ON cusacklab-lamb00 CANCELLED AT 2020-04-10T16:09:58 ***
